<?xml version="1.0" encoding="UTF-8"?>
<testng-results ignored="0" total="2" passed="2" failed="0" skipped="0">
  <reporter-output>
  </reporter-output>
  <suite started-at="2022-10-10T09:00:44 EDT" name="Suite" finished-at="2022-10-10T09:00:59 EDT" duration-ms="15676">
    <groups>
      <group name="heroku">
        <method signature="Parameterization.openHeroku(java.lang.String,java.lang.String)[pri:0, instance:testNG.Parameterization@1e6a3214]" name="openHeroku" class="testNG.Parameterization"/>
      </group> <!-- heroku -->
      <group name="google">
        <method signature="Parameterization.openGoogle(java.lang.String)[pri:0, instance:testNG.Parameterization@1e6a3214]" name="openGoogle" class="testNG.Parameterization"/>
      </group> <!-- google -->
    </groups>
    <test started-at="2022-10-10T09:00:44 EDT" name="Test" finished-at="2022-10-10T09:00:59 EDT" duration-ms="15676">
      <class name="testNG.Parameterization">
        <test-method signature="openGoogle(java.lang.String)[pri:0, instance:testNG.Parameterization@1e6a3214]" started-at="2022-10-10T09:00:44 EDT" name="openGoogle" finished-at="2022-10-10T09:00:47 EDT" duration-ms="3655" status="PASS">
          <params>
            <param index="0">
              <value>
                <![CDATA[https://www.google.com/]]>
              </value>
            </param>
          </params>
          <reporter-output>
          </reporter-output>
        </test-method> <!-- openGoogle -->
        <test-method signature="openHeroku(java.lang.String,java.lang.String)[pri:0, instance:testNG.Parameterization@1e6a3214]" started-at="2022-10-10T09:00:47 EDT" name="openHeroku" finished-at="2022-10-10T09:00:59 EDT" duration-ms="11979" status="PASS">
          <params>
            <param index="0">
              <value>
                <![CDATA[https://boratech.herokuapp.com/]]>
              </value>
            </param>
            <param index="1">
              <value>
                <![CDATA[chrome]]>
              </value>
            </param>
          </params>
          <reporter-output>
          </reporter-output>
        </test-method> <!-- openHeroku -->
      </class> <!-- testNG.Parameterization -->
    </test> <!-- Test -->
  </suite> <!-- Suite -->
</testng-results>
