<?xml version="1.0" encoding="UTF-8"?>
<testng-results ignored="0" total="1" passed="1" failed="0" skipped="0">
  <reporter-output>
  </reporter-output>
  <suite started-at="2022-11-15T15:42:48 EST" name="Default suite" finished-at="2022-11-15T15:42:54 EST" duration-ms="6068">
    <groups>
    </groups>
    <test started-at="2022-11-15T15:42:48 EST" name="Default test" finished-at="2022-11-15T15:42:54 EST" duration-ms="6068">
      <class name="practiceSteps.AAPC_HomePage">
        <test-method is-config="true" signature="initializingTheSystem()[pri:0, instance:practiceSteps.AAPC_HomePage@35841320]" started-at="2022-11-15T15:42:48 EST" name="initializingTheSystem" finished-at="2022-11-15T15:42:48 EST" duration-ms="19" status="PASS">
          <reporter-output>
          </reporter-output>
        </test-method> <!-- initializingTheSystem -->
        <test-method signature="checkCulture()[pri:0, instance:practiceSteps.AAPC_HomePage@35841320]" started-at="2022-11-15T15:42:48 EST" name="checkCulture" finished-at="2022-11-15T15:42:54 EST" duration-ms="6002" status="PASS">
          <reporter-output>
          </reporter-output>
        </test-method> <!-- checkCulture -->
      </class> <!-- practiceSteps.AAPC_HomePage -->
    </test> <!-- Default test -->
  </suite> <!-- Default suite -->
</testng-results>
